C:\Program Files (x86)\Microsoft Visual Studio\2019\Professional\MSBuild\Microsoft\VC\v160\Microsoft.CppBuild.targets(452,5): warning MSB8028: The intermediate directory (x64\Debug\) contains files shared from another project (12-AnimacionKeyFrames.vcxproj).  This can lead to incorrect clean and rebuild behavior.
  Box.cpp
  Cylinder.cpp
C:\Users\charl\Documents\1. Carpeta Personal\Fi_UNAM\8vo_Semestre\Computación Gráfica e Interacción Humano-Computadora\Laboratorio\Git\LabCGeIHC\Proyecto\Proyecto Lab CGIHC\src\Headers\AbstractModel.h(14,10): error C1083:  No se puede abrir el archivo incluir: 'GL/glew.h': No such file or directory
  FirstPersonCamera.cpp
C:\Users\charl\Documents\1. Carpeta Personal\Fi_UNAM\8vo_Semestre\Computación Gráfica e Interacción Humano-Computadora\Laboratorio\Git\LabCGeIHC\Proyecto\Proyecto Lab CGIHC\src\Headers\AbstractModel.h(14,10): error C1083:  No se puede abrir el archivo incluir: 'GL/glew.h': No such file or directory
  main.cpp
C:\Users\charl\Documents\1. Carpeta Personal\Fi_UNAM\8vo_Semestre\Computación Gráfica e Interacción Humano-Computadora\Laboratorio\Git\LabCGeIHC\Proyecto\Proyecto Lab CGIHC\src\Headers\Camera.h(9,10): error C1083:  No se puede abrir el archivo incluir: 'glm/glm.hpp': No such file or directory
  Mesh.cpp
C:\Users\charl\Documents\1. Carpeta Personal\Fi_UNAM\8vo_Semestre\Computación Gráfica e Interacción Humano-Computadora\Laboratorio\Git\LabCGeIHC\Proyecto\Proyecto Lab CGIHC\src\main.cpp(4,10): error C1083:  No se puede abrir el archivo incluir: 'GL/glew.h': No such file or directory
  Model.cpp
C:\Users\charl\Documents\1. Carpeta Personal\Fi_UNAM\8vo_Semestre\Computación Gráfica e Interacción Humano-Computadora\Laboratorio\Git\LabCGeIHC\Proyecto\Proyecto Lab CGIHC\src\Headers\Mesh.h(18,10): error C1083:  No se puede abrir el archivo incluir: 'GL/glew.h': No such file or directory
  Shader.cpp
C:\Users\charl\Documents\1. Carpeta Personal\Fi_UNAM\8vo_Semestre\Computación Gráfica e Interacción Humano-Computadora\Laboratorio\Git\LabCGeIHC\Proyecto\Proyecto Lab CGIHC\src\Headers\Mesh.h(18,10): error C1083:  No se puede abrir el archivo incluir: 'GL/glew.h': No such file or directory
  Sphere.cpp
C:\Users\charl\Documents\1. Carpeta Personal\Fi_UNAM\8vo_Semestre\Computación Gráfica e Interacción Humano-Computadora\Laboratorio\Git\LabCGeIHC\Proyecto\Proyecto Lab CGIHC\src\Headers\Shader.h(6,10): error C1083:  No se puede abrir el archivo incluir: 'GL/glew.h': No such file or directory
  Texture.cpp
C:\Users\charl\Documents\1. Carpeta Personal\Fi_UNAM\8vo_Semestre\Computación Gráfica e Interacción Humano-Computadora\Laboratorio\Git\LabCGeIHC\Proyecto\Proyecto Lab CGIHC\src\Headers\AbstractModel.h(14,10): error C1083:  No se puede abrir el archivo incluir: 'GL/glew.h': No such file or directory
  TimeManager.cpp
  Generando código...
C:\Users\charl\Documents\1. Carpeta Personal\Fi_UNAM\8vo_Semestre\Computación Gráfica e Interacción Humano-Computadora\Laboratorio\Git\LabCGeIHC\Proyecto\Proyecto Lab CGIHC\src\Headers\Texture.h(10,10): error C1083:  No se puede abrir el archivo incluir: 'GL/glew.h': No such file or directory
